<?xml version="1.0" encoding="UTF-8"?>
<!-- Generated by org.testng.reporters.JUnitReportReporter -->
<testsuite hostname="GVC1444" failures="0" tests="2" name="tests.HomePageTest" time="14.058" errors="0" timestamp="2025-09-18T13:58:00 IST" skipped="1">
  <testcase classname="tests.HomePageTest" name="testLinksCountOnHomePage" time="14.058"/>
  <testcase classname="tests.HomePageTest" name="testInputBoxNavigation">
    <skipped/>
  </testcase> <!-- testInputBoxNavigation -->
</testsuite> <!-- tests.HomePageTest -->
